[ 2015-09-06T11:36:21+08:00 ] 127.0.0.1 /PHP/index.php/home/Goods/index
INFO: [ app_init ] --START--
INFO: Run Behavior\BuildLiteBehavior [ RunTime:0.000000s ]
INFO: [ app_init ] --END-- [ RunTime:0.000000s ]
INFO: [ app_begin ] --START--
INFO: Run Behavior\ReadHtmlCacheBehavior [ RunTime:0.001000s ]
INFO: [ app_begin ] --END-- [ RunTime:0.001000s ]
NOTIC: [8] A session had already been started - ignoring session_start() C:\wamp\www\PHP\ThinkPHP\Common\functions.php 第 1263 行.
INFO: [ app_end ] --START--
INFO: Run Behavior\ShowPageTraceBehavior [ RunTime:0.000000s ]
INFO: [ app_end ] --END-- [ RunTime:0.000000s ]

[ 2015-09-06T11:47:53+08:00 ] 127.0.0.1 /php/index.php
INFO: [ app_init ] --START--
INFO: Run Behavior\BuildLiteBehavior [ RunTime:0.000000s ]
INFO: [ app_init ] --END-- [ RunTime:0.000000s ]
INFO: [ app_begin ] --START--
INFO: Run Behavior\ReadHtmlCacheBehavior [ RunTime:0.000000s ]
INFO: [ app_begin ] --END-- [ RunTime:0.001000s ]
NOTIC: [8] A session had already been started - ignoring session_start() C:\wamp\www\PHP\ThinkPHP\Common\functions.php 第 1263 行.
NOTIC: [2048] Declaration of Home\Controller\IndexController::show() should be compatible with Think\Controller::show($content, $charset = '', $contentType = '', $prefix = '') C:\wamp\www\PHP\Application\Home\Controller\IndexController.class.php 第 12 行.
INFO: [ app_end ] --START--
INFO: Run Behavior\ShowPageTraceBehavior [ RunTime:0.001000s ]
INFO: [ app_end ] --END-- [ RunTime:0.001000s ]

[ 2015-09-06T11:48:37+08:00 ] 127.0.0.1 /PHP/index.php?m=home&c=goods&a=show
INFO: [ app_init ] --START--
INFO: Run Behavior\BuildLiteBehavior [ RunTime:0.000000s ]
INFO: [ app_init ] --END-- [ RunTime:0.001000s ]
INFO: [ app_begin ] --START--
INFO: Run Behavior\ReadHtmlCacheBehavior [ RunTime:0.001000s ]
INFO: [ app_begin ] --END-- [ RunTime:0.001000s ]
NOTIC: [8] A session had already been started - ignoring session_start() C:\wamp\www\PHP\ThinkPHP\Common\functions.php 第 1263 行.
ERR: 非法操作:show

[ 2015-09-06T11:48:57+08:00 ] 127.0.0.1 /PHP/index.php?m=home&c=goods&a=index
INFO: [ app_init ] --START--
INFO: Run Behavior\BuildLiteBehavior [ RunTime:0.000000s ]
INFO: [ app_init ] --END-- [ RunTime:0.000000s ]
INFO: [ app_begin ] --START--
INFO: Run Behavior\ReadHtmlCacheBehavior [ RunTime:0.001000s ]
INFO: [ app_begin ] --END-- [ RunTime:0.001000s ]
NOTIC: [8] A session had already been started - ignoring session_start() C:\wamp\www\PHP\ThinkPHP\Common\functions.php 第 1263 行.
INFO: [ app_end ] --START--
INFO: Run Behavior\ShowPageTraceBehavior [ RunTime:0.001000s ]
INFO: [ app_end ] --END-- [ RunTime:0.001000s ]

[ 2015-09-06T14:38:59+08:00 ] 127.0.0.1 /PHP/index.php/home/Goods/index
INFO: [ app_init ] --START--
INFO: Run Behavior\BuildLiteBehavior [ RunTime:0.000000s ]
INFO: [ app_init ] --END-- [ RunTime:0.001000s ]
INFO: [ app_begin ] --START--
INFO: Run Behavior\ReadHtmlCacheBehavior [ RunTime:0.002001s ]
INFO: [ app_begin ] --END-- [ RunTime:0.002001s ]
NOTIC: [8] A session had already been started - ignoring session_start() C:\wamp\www\PHP\ThinkPHP\Common\functions.php 第 1263 行.
NOTIC: [8] Use of undefined constant __Module__ - assumed '__Module__' C:\wamp\www\PHP\Application\Home\Controller\GoodsController.class.php 第 18 行.
INFO: [ app_end ] --START--
INFO: Run Behavior\ShowPageTraceBehavior [ RunTime:0.001000s ]
INFO: [ app_end ] --END-- [ RunTime:0.001000s ]

[ 2015-09-06T14:40:30+08:00 ] 127.0.0.1 /PHP/index.php/home/Goods/index
INFO: [ app_init ] --START--
INFO: Run Behavior\BuildLiteBehavior [ RunTime:0.000000s ]
INFO: [ app_init ] --END-- [ RunTime:0.001000s ]
INFO: [ app_begin ] --START--
INFO: Run Behavior\ReadHtmlCacheBehavior [ RunTime:0.000000s ]
INFO: [ app_begin ] --END-- [ RunTime:0.000000s ]
NOTIC: [8] A session had already been started - ignoring session_start() C:\wamp\www\PHP\ThinkPHP\Common\functions.php 第 1263 行.
NOTIC: [8] Use of undefined constant __Module__ - assumed '__Module__' C:\wamp\www\PHP\Application\Home\Controller\GoodsController.class.php 第 18 行.
INFO: [ app_end ] --START--
INFO: Run Behavior\ShowPageTraceBehavior [ RunTime:0.000000s ]
INFO: [ app_end ] --END-- [ RunTime:0.000000s ]

[ 2015-09-06T14:40:56+08:00 ] 127.0.0.1 /PHP/index.php/home/Goods/index
INFO: [ app_init ] --START--
INFO: Run Behavior\BuildLiteBehavior [ RunTime:0.000000s ]
INFO: [ app_init ] --END-- [ RunTime:0.001001s ]
INFO: [ app_begin ] --START--
INFO: Run Behavior\ReadHtmlCacheBehavior [ RunTime:0.001000s ]
INFO: [ app_begin ] --END-- [ RunTime:0.002000s ]
NOTIC: [8] A session had already been started - ignoring session_start() C:\wamp\www\PHP\ThinkPHP\Common\functions.php 第 1263 行.
INFO: [ app_end ] --START--
INFO: Run Behavior\ShowPageTraceBehavior [ RunTime:0.001000s ]
INFO: [ app_end ] --END-- [ RunTime:0.002000s ]

